<?xml version="1.0" encoding="UTF-8"?>
<!-- Generated by org.testng.reporters.JUnitReportReporter -->
<testsuite skipped="0" hostname="Manjunath-PC" name="SimpleGetTest" tests="3" failures="0" timestamp="31 Jul 2018 12:35:09 GMT" time="4.629" errors="0">
  <testcase name="DisplayAllNodesInWeatherAPI" time="2.727" classname="SimpleGetTest"/>
  <testcase name="GetWeatherDetails" time="0.856" classname="SimpleGetTest"/>
  <testcase name="RegistrationSuccessful" time="1.046" classname="SimpleGetTest"/>
</testsuite> <!-- SimpleGetTest -->
